#
# A fatal error has been detected by the Java Runtime Environment:
#
#  EXCEPTION_ACCESS_VIOLATION (0xc0000005) at pc=0x0000000068be7886, pid=3564, tid=0x0000000000002c30
#
# JRE version: Java(TM) SE Runtime Environment (8.0_201-b09) (build 1.8.0_201-b09)
# Java VM: Java HotSpot(TM) 64-Bit Server VM (25.201-b09 mixed mode windows-amd64 compressed oops)
# Problematic frame:
# V  [jvm.dll+0x237886]
#
# Failed to write core dump. Minidumps are not enabled by default on client versions of Windows
#
# If you would like to submit a bug report, please visit:
#   http://bugreport.java.com/bugreport/crash.jsp
#

---------------  T H R E A D  ---------------

Current thread (0x00000000034ab000):  JavaThread "main" [_thread_in_vm, id=11312, stack(0x00000000033a0000,0x00000000034a0000)]

siginfo: ExceptionCode=0xc0000005, reading address 0x0000000000000008

Registers:
RAX=0x0000000000000000, RBX=0x000000000349eeb0, RCX=0x000000000349eeb0, RDX=0x0000000000000028
RSP=0x000000000349ebf0, RBP=0x000000000349eff0, RSI=0x000000001cd3f990, RDI=0x0000000000000000
R8 =0x0000000000000000, R9 =0x0000000000000006, R10=0x000000001cd3f990, R11=0x00000000207b8778
R12=0x00000000034a3e10, R13=0x0000000000000000, R14=0x000000000349f028, R15=0x00000000034ab990
RIP=0x0000000068be7886, EFLAGS=0x0000000000010206

Top of Stack: (sp=0x000000000349ebf0)
0x000000000349ebf0:   0000000000000000 0000000001280000
0x000000000349ec00:   000000001d2da300 0000000000000000
0x000000000349ec10:   00000000034a8e30 0000000068bce972
0x000000000349ec20:   00000000034ab000 00000000692c8cc4
0x000000000349ec30:   00000000034ab000 0000000020791b50
0x000000000349ec40:   000000001ea1e1a0 0000000068b70c53
0x000000000349ec50:   00000000034ab000 0000000068b546b9
0x000000000349ec60:   000000001ea29410 0000000068b560ea
0x000000000349ec70:   0000000000000000 0000000068b70fc4
0x000000000349ec80:   0000000000000004 0000000068ce702b
0x000000000349ec90:   000000076b985d30 0000000068b564b6
0x000000000349eca0:   00000000034ab000 0000000068b59c7c
0x000000000349ecb0:   0000000000000004 000000001ea29410
0x000000000349ecc0:   00007ffcd32bfbc0 00007ffcd32abbeb
0x000000000349ecd0:   000000001d2da370 00007ffcd32b13bc
0x000000000349ece0:   0000000000000002 000000001d2e9580 

Instructions: (pc=0x0000000068be7886)
0x0000000068be7866:   01 00 00 48 8b 05 c0 bf 5b 00 48 33 c4 48 89 84
0x0000000068be7876:   24 30 01 00 00 4c 63 41 10 48 8b 41 08 48 8b d9
0x0000000068be7886:   42 38 54 00 08 74 33 44 0f be c2 48 8d 4c 24 20
0x0000000068be7896:   48 8d 15 e3 eb 3e 00 e8 ee e4 de ff 48 8d 0d 67 


Register to memory mapping:

RAX=0x0000000000000000 is an unknown value
RBX=0x000000000349eeb0 is pointing into the stack for thread: 0x00000000034ab000
RCX=0x000000000349eeb0 is pointing into the stack for thread: 0x00000000034ab000
RDX=0x0000000000000028 is an unknown value
RSP=0x000000000349ebf0 is pointing into the stack for thread: 0x00000000034ab000
RBP=0x000000000349eff0 is pointing into the stack for thread: 0x00000000034ab000
RSI={method} {0x000000001cd3f998} 'main' '([Ljava/lang/String;)V' in 'com/moz/ates/traffic/portal/PropertiesToExcel'
RDI=0x0000000000000000 is an unknown value
R8 =0x0000000000000000 is an unknown value
R9 =0x0000000000000006 is an unknown value
R10={method} {0x000000001cd3f998} 'main' '([Ljava/lang/String;)V' in 'com/moz/ates/traffic/portal/PropertiesToExcel'
R11=0x00000000207b8778 is an unknown value
R12=0x00000000034a3e10 is an unknown value
R13=0x0000000000000000 is an unknown value
R14=0x000000000349f028 is pointing into the stack for thread: 0x00000000034ab000
R15=0x00000000034ab990 is an unknown value


Stack: [0x00000000033a0000,0x00000000034a0000],  sp=0x000000000349ebf0,  free space=1018k
Native frames: (J=compiled Java code, j=interpreted, Vv=VM code, C=native code)
V  [jvm.dll+0x237886]
V  [jvm.dll+0x237c8f]
V  [jvm.dll+0x20e9d0]
V  [jvm.dll+0xbd21d]
C  0x000000000374476c

Java frames: (J=compiled Java code, j=interpreted, Vv=VM code)
j  com.moz.ates.traffic.portal.PropertiesToExcel.main([Ljava/lang/String;)V+310
v  ~StubRoutines::call_stub

---------------  P R O C E S S  ---------------

Java Threads: ( => current thread )
  0x000000002054f800 JavaThread "Service Thread" daemon [_thread_blocked, id=9888, stack(0x0000000020e90000,0x0000000020f90000)]
  0x0000000020534800 JavaThread "C1 CompilerThread3" daemon [_thread_blocked, id=7992, stack(0x0000000020d90000,0x0000000020e90000)]
  0x0000000020534000 JavaThread "C2 CompilerThread2" daemon [_thread_blocked, id=6504, stack(0x0000000020c90000,0x0000000020d90000)]
  0x0000000020531000 JavaThread "C2 CompilerThread1" daemon [_thread_blocked, id=7292, stack(0x0000000020b90000,0x0000000020c90000)]
  0x0000000020527000 JavaThread "C2 CompilerThread0" daemon [_thread_blocked, id=1464, stack(0x0000000020a90000,0x0000000020b90000)]
  0x000000001ea35800 JavaThread "JDWP Command Reader" daemon [_thread_in_native, id=10340, stack(0x0000000020190000,0x0000000020290000)]
  0x000000001ea2e800 JavaThread "JDWP Event Helper Thread" daemon [_thread_blocked, id=3088, stack(0x0000000020090000,0x0000000020190000)]
  0x000000001ea20000 JavaThread "JDWP Transport Listener: dt_socket" daemon [_thread_blocked, id=9596, stack(0x000000001ff90000,0x0000000020090000)]
  0x000000001ea13000 JavaThread "Attach Listener" daemon [_thread_blocked, id=7396, stack(0x000000001fe90000,0x000000001ff90000)]
  0x000000001ea12800 JavaThread "Signal Dispatcher" daemon [_thread_blocked, id=1772, stack(0x000000001fd90000,0x000000001fe90000)]
  0x000000001e9a3800 JavaThread "Finalizer" daemon [_thread_blocked, id=13648, stack(0x000000001fc00000,0x000000001fd00000)]
  0x000000001d2e1800 JavaThread "Reference Handler" daemon [_thread_blocked, id=2896, stack(0x000000001fb00000,0x000000001fc00000)]
=>0x00000000034ab000 JavaThread "main" [_thread_in_vm, id=11312, stack(0x00000000033a0000,0x00000000034a0000)]

Other Threads:
  0x000000001e982800 VMThread [stack: 0x000000001fa00000,0x000000001fb00000] [id=2512]
  0x000000002049a000 WatcherThread [stack: 0x0000000020f90000,0x0000000021090000] [id=7384]

VM state:not at safepoint (normal execution)

VM Mutex/Monitor currently owned by a thread: None

heap address: 0x00000006c2c00000, size: 4052 MB, Compressed Oops mode: Zero based, Oop shift amount: 3
Narrow klass base: 0x0000000000000000, Narrow klass shift: 3
Compressed class space size: 1073741824 Address: 0x00000007c0000000

Heap:
 PSYoungGen      total 75776K, used 11760K [0x000000076b980000, 0x0000000770e00000, 0x00000007c0000000)
  eden space 65024K, 18% used [0x000000076b980000,0x000000076c4fc000,0x000000076f900000)
  from space 10752K, 0% used [0x0000000770380000,0x0000000770380000,0x0000000770e00000)
  to   space 10752K, 0% used [0x000000076f900000,0x000000076f900000,0x0000000770380000)
 ParOldGen       total 173568K, used 0K [0x00000006c2c00000, 0x00000006cd580000, 0x000000076b980000)
  object space 173568K, 0% used [0x00000006c2c00000,0x00000006c2c00000,0x00000006cd580000)
 Metaspace       used 5002K, capacity 5074K, committed 5248K, reserved 1056768K
  class space    used 535K, capacity 561K, committed 640K, reserved 1048576K

Card table byte_map: [0x0000000012ad0000,0x00000000132c0000] byte_map_base: 0x000000000f4ba000

Marking Bits: (ParMarkBitMap*) 0x00000000691d4ce0
 Begin Bits: [0x0000000014210000, 0x0000000018160000)
 End Bits:   [0x0000000018160000, 0x000000001c0b0000)

Polling page: 0x0000000001260000

CodeCache: size=245760Kb used=1485Kb max_used=1496Kb free=244275Kb
 bounds [0x0000000003710000, 0x0000000003980000, 0x0000000012710000]
 total_blobs=465 nmethods=178 adapters=208
 compilation: enabled

Compilation events (10 events):
Event: 94.476 Thread 0x0000000020534800 nmethod 174 0x0000000003881710 code [0x0000000003881880, 0x0000000003881be8]
Event: 94.476 Thread 0x0000000020534800  176       3       org.eclipse.jdt.launching.internal.org.objectweb.asm.SymbolTable$Entry::<init> (17 bytes)
Event: 94.477 Thread 0x0000000020534800 nmethod 176 0x0000000003883290 code [0x0000000003883400, 0x00000000038835e8]
Event: 94.477 Thread 0x0000000020534800  175       3       org.eclipse.jdt.launching.internal.org.objectweb.asm.SymbolTable::addConstantUtf8 (20 bytes)
Event: 94.477 Thread 0x0000000020527000 nmethod 173 0x0000000003884e90 code [0x0000000003884fe0, 0x00000000038850f8]
Event: 94.478 Thread 0x0000000020534800 nmethod 175 0x0000000003882a90 code [0x0000000003882c20, 0x0000000003883048]
Event: 272.662 Thread 0x0000000020534000  177       4       java.lang.String::<init> (82 bytes)
Event: 272.663 Thread 0x0000000020534800  178       3       org.eclipse.jdt.launching.internal.org.objectweb.asm.ByteVector::putShort (52 bytes)
Event: 272.663 Thread 0x0000000020534800 nmethod 178 0x0000000003882550 code [0x00000000038826c0, 0x0000000003882928]
Event: 272.666 Thread 0x0000000020534000 nmethod 177 0x0000000003881d90 code [0x0000000003881ee0, 0x0000000003882298]

GC Heap History (0 events):
No events

Deoptimization events (0 events):
No events

Classes redefined (9 events):
Event: 68.207 Thread 0x000000001e982800 redefined class name=com.moz.ates.traffic.portal.PropertiesToExcel$1, count=1
Event: 68.208 Thread 0x000000001e982800 redefined class name=com.moz.ates.traffic.portal.PropertiesToExcel, count=1
Event: 94.477 Thread 0x000000001e982800 redefined class name=com.moz.ates.traffic.portal.PropertiesToExcel$1, count=2
Event: 94.477 Thread 0x000000001e982800 redefined class name=com.moz.ates.traffic.portal.PropertiesToExcel, count=2
Event: 161.773 Thread 0x000000001e982800 redefined class name=com.moz.ates.traffic.portal.PropertiesToExcel, count=3
Event: 166.027 Thread 0x000000001e982800 redefined class name=com.moz.ates.traffic.portal.PropertiesToExcel, count=4
Event: 272.664 Thread 0x000000001e982800 redefined class name=com.moz.ates.traffic.portal.PropertiesToExcel$1, count=3
Event: 272.664 Thread 0x000000001e982800 redefined class name=com.moz.ates.traffic.portal.PropertiesToExcel, count=5
Event: 283.737 Thread 0x000000001e982800 redefined class name=com.moz.ates.traffic.portal.PropertiesToExcel, count=6

Internal exceptions (4 events):
Event: 0.028 Thread 0x00000000034ab000 Exception <a 'java/lang/NoSuchMethodError': Method sun.misc.Unsafe.defineClass(Ljava/lang/String;[BII)Ljava/lang/Class; name or signature does not match> (0x000000076b987cb0) thrown at [C:\re\workspace\8-2-build-windows-amd64-cygwin\jdk8u201\12322\hotspot
Event: 0.028 Thread 0x00000000034ab000 Exception <a 'java/lang/NoSuchMethodError': Method sun.misc.Unsafe.prefetchRead(Ljava/lang/Object;J)V name or signature does not match> (0x000000076b987f98) thrown at [C:\re\workspace\8-2-build-windows-amd64-cygwin\jdk8u201\12322\hotspot\src\share\vm\prim
Event: 0.242 Thread 0x00000000034ab000 Exception <a 'java/security/PrivilegedActionException'> (0x000000076bd06bb0) thrown at [C:\re\workspace\8-2-build-windows-amd64-cygwin\jdk8u201\12322\hotspot\src\share\vm\prims\jvm.cpp, line 1502]
Event: 0.242 Thread 0x00000000034ab000 Exception <a 'java/security/PrivilegedActionException'> (0x000000076bd06dc0) thrown at [C:\re\workspace\8-2-build-windows-amd64-cygwin\jdk8u201\12322\hotspot\src\share\vm\prims\jvm.cpp, line 1502]

Events (10 events):
Event: 286.915 Executing VM operation: GetCurrentContendedMonitor
Event: 286.915 Executing VM operation: GetCurrentContendedMonitor done
Event: 287.006 Executing VM operation: GetCurrentContendedMonitor
Event: 287.006 Executing VM operation: GetCurrentContendedMonitor done
Event: 287.006 Executing VM operation: GetOwnedMonitorInfo
Event: 287.006 Executing VM operation: GetOwnedMonitorInfo done
Event: 287.511 Executing VM operation: GetCurrentContendedMonitor
Event: 287.511 Executing VM operation: GetCurrentContendedMonitor done
Event: 287.511 Executing VM operation: GetOwnedMonitorInfo
Event: 287.511 Executing VM operation: GetOwnedMonitorInfo done


Dynamic libraries:
0x00007ff7da220000 - 0x00007ff7da257000 	C:\Program Files\Java\jre1.8.0_201\bin\javaw.exe
0x00007ffcf15f0000 - 0x00007ffcf17e5000 	C:\Windows\SYSTEM32\ntdll.dll
0x00007ffcf1420000 - 0x00007ffcf14de000 	C:\Windows\System32\KERNEL32.DLL
0x00007ffceef90000 - 0x00007ffcef258000 	C:\Windows\System32\KERNELBASE.dll
0x00007ffcef910000 - 0x00007ffcef9be000 	C:\Windows\System32\ADVAPI32.dll
0x00007ffcef650000 - 0x00007ffcef6ee000 	C:\Windows\System32\msvcrt.dll
0x00007ffcef7a0000 - 0x00007ffcef83c000 	C:\Windows\System32\sechost.dll
0x00007ffcf0670000 - 0x00007ffcf0795000 	C:\Windows\System32\RPCRT4.dll
0x00007ffcefb60000 - 0x00007ffcefd00000 	C:\Windows\System32\USER32.dll
0x00007ffceee10000 - 0x00007ffceee32000 	C:\Windows\System32\win32u.dll
0x00007ffcf14e0000 - 0x00007ffcf150a000 	C:\Windows\System32\GDI32.dll
0x00007ffcef540000 - 0x00007ffcef64b000 	C:\Windows\System32\gdi32full.dll
0x00007ffcef2b0000 - 0x00007ffcef34d000 	C:\Windows\System32\msvcp_win.dll
0x00007ffceed10000 - 0x00007ffceee10000 	C:\Windows\System32\ucrtbase.dll
0x00007ffcdeaf0000 - 0x00007ffcded8a000 	C:\Windows\WinSxS\amd64_microsoft.windows.common-controls_6595b64144ccf1df_6.0.19041.1110_none_60b5254171f9507e\COMCTL32.dll
0x00007ffcf1510000 - 0x00007ffcf1540000 	C:\Windows\System32\IMM32.DLL
0x0000000069260000 - 0x0000000069331000 	C:\Program Files\Java\jre1.8.0_201\bin\msvcr100.dll
0x00000000689b0000 - 0x0000000069254000 	C:\Program Files\Java\jre1.8.0_201\bin\server\jvm.dll
0x00007ffcf09d0000 - 0x00007ffcf09d8000 	C:\Windows\System32\PSAPI.DLL
0x00007ffce9700000 - 0x00007ffce9727000 	C:\Windows\SYSTEM32\WINMM.dll
0x00007ffcd39f0000 - 0x00007ffcd39f9000 	C:\Windows\SYSTEM32\WSOCK32.dll
0x00007ffce8940000 - 0x00007ffce894a000 	C:\Windows\SYSTEM32\VERSION.dll
0x00007ffcf07a0000 - 0x00007ffcf080b000 	C:\Windows\System32\WS2_32.dll
0x00007ffce92b0000 - 0x00007ffce92bf000 	C:\Program Files\Java\jre1.8.0_201\bin\verify.dll
0x00007ffce91d0000 - 0x00007ffce91f9000 	C:\Program Files\Java\jre1.8.0_201\bin\java.dll
0x00007ffcd3290000 - 0x00007ffcd32c5000 	C:\Program Files\Java\jre1.8.0_201\bin\jdwp.dll
0x00007ffcda000000 - 0x00007ffcda008000 	C:\Program Files\Java\jre1.8.0_201\bin\npt.dll
0x00007ffcc28d0000 - 0x00007ffcc28f3000 	C:\Program Files\Java\jre1.8.0_201\bin\instrument.dll
0x00007ffce85f0000 - 0x00007ffce8606000 	C:\Program Files\Java\jre1.8.0_201\bin\zip.dll
0x00007ffcf0cd0000 - 0x00007ffcf1414000 	C:\Windows\System32\SHELL32.dll
0x00007ffcece30000 - 0x00007ffced5c4000 	C:\Windows\SYSTEM32\windows.storage.dll
0x00007ffcf0310000 - 0x00007ffcf0664000 	C:\Windows\System32\combase.dll
0x00007ffcee780000 - 0x00007ffcee7ac000 	C:\Windows\SYSTEM32\Wldp.dll
0x00007ffcef6f0000 - 0x00007ffcef79d000 	C:\Windows\System32\SHCORE.dll
0x00007ffcefb00000 - 0x00007ffcefb55000 	C:\Windows\System32\shlwapi.dll
0x00007ffceec50000 - 0x00007ffceec6f000 	C:\Windows\SYSTEM32\profapi.dll
0x00007ffcd3590000 - 0x00007ffcd3599000 	C:\Program Files\Java\jre1.8.0_201\bin\dt_socket.dll
0x00007ffcb9220000 - 0x00007ffcb9237000 	C:\Windows\system32\napinsp.dll
0x00007ffcb90a0000 - 0x00007ffcb90bb000 	C:\Windows\system32\pnrpnsp.dll
0x00007ffce9f60000 - 0x00007ffce9f75000 	C:\Windows\system32\wshbth.dll
0x00007ffceb260000 - 0x00007ffceb27d000 	C:\Windows\system32\NLAapi.dll
0x00007ffcee180000 - 0x00007ffcee1bb000 	C:\Windows\SYSTEM32\IPHLPAPI.DLL
0x00007ffcee4e0000 - 0x00007ffcee54a000 	C:\Windows\System32\mswsock.dll
0x00007ffcee1c0000 - 0x00007ffcee28b000 	C:\Windows\SYSTEM32\DNSAPI.dll
0x00007ffcf15a0000 - 0x00007ffcf15a8000 	C:\Windows\System32\NSI.dll
0x00007ffca5e10000 - 0x00007ffca5e22000 	C:\Windows\System32\winrnr.dll
0x00007ffce00e0000 - 0x00007ffce015f000 	C:\Windows\System32\fwpuclnt.dll
0x00007ffceee40000 - 0x00007ffceee67000 	C:\Windows\System32\bcrypt.dll
0x00007ffcdfe90000 - 0x00007ffcdfe9a000 	C:\Windows\System32\rasadhlp.dll
0x00007ffcddad0000 - 0x00007ffcddcb4000 	C:\Windows\SYSTEM32\dbghelp.dll
0x00007ffcef4b0000 - 0x00007ffcef532000 	C:\Windows\System32\bcryptPrimitives.dll

VM Arguments:
jvm_args: -agentlib:jdwp=transport=dt_socket,suspend=y,address=localhost:64929 -javaagent:C:\Users\CR15MK\eclipse\jee-2022-03\eclipse\configuration\org.eclipse.osgi\422\0\.cp\lib\javaagent-shaded.jar -Dfile.encoding=UTF-8 
java_command: com.moz.ates.traffic.portal.PropertiesToExcel
java_class_path (initial): C:\Users\CR15MK\git\mozates\moz_ates_traffic\portal\bin\main;C:\Users\CR15MK\git\mozates\moz_ates_traffic\portal\bin\test;C:\Users\CR15MK\git\mozates\moz_ates_traffic\portal\bin\default;C:\Users\CR15MK\.gradle\caches\modules-2\files-2.1\org.projectlombok\lombok\1.18.22\9c08ea24c6eb714e2d6170e8122c069a0ba9aacf\lombok-1.18.22.jar;C:\Users\CR15MK\.gradle\caches\modules-2\files-2.1\org.mybatis.spring.boot\mybatis-spring-boot-starter\2.1.4\1ad97a0fb96ec3630e598e5aaae2dbd2fd29fdb0\mybatis-spring-boot-starter-2.1.4.jar;C:\Users\CR15MK\.gradle\caches\modules-2\files-2.1\org.springframework.boot\spring-boot-starter-jdbc\2.5.9\79ebb860ab7798dcaf2c86756cfadba8763d4d21\spring-boot-starter-jdbc-2.5.9.jar;C:\Users\CR15MK\.gradle\caches\modules-2\files-2.1\org.springframework.boot\spring-boot-starter-thymeleaf\2.5.9\fd6c50ce591bb4cbfac72c39b2d18679fef2846\spring-boot-starter-thymeleaf-2.5.9.jar;C:\Users\CR15MK\.gradle\caches\modules-2\files-2.1\nz.net.ultraq.thymeleaf\thymeleaf-layout-dialect\2.4.1\fa9d013e8489cad13fa88a45ea2ebf00e8733a82\thymeleaf-layout-dialect-2.4.1.jar;C:\Users\CR15MK\.gradle\caches\modules-2\files-2.1\org.springframework.boot\spring-boot-starter-web\2.5.9\8bd1c5bea5311a6af5e3b29f7a9804d9fcccc933\spring-boot-starter-web-2.5.9.jar;C:\Users\CR15MK\.gradle\caches\modules-2\files-2.1\org.aspectj\aspectjrt\1.9.7\ac42a7759a685a098b182bc0a39747f32f00adb0\aspectjrt-1.9.7.jar;C:\Users\CR15MK\.gradle\caches\modules-2\files-2.1\org.aspectj\aspectjweaver\1.9.7\158f5c255cd3e4408e795b79f7c3fbae9b53b7ca\aspectjweaver-1.9.7.jar;C:\Users\CR15MK\.gradle\caches\modules-2\files-2.1\org.springframework.boot\spring-boot-starter-tomcat\2.5.9\6a79fddb7e585eb594f02e056512c29fe844e286\spring-boot-starter-tomcat-2.5.9.jar;C:\Users\CR15MK\.gradle\caches\modules-2\files-2.1\org.springframework.boot\spring-boot-starter-json\2.5.9\b327f95d55597bec0a107a05fc7472b30ef7a9c8\spring-boot-starter-json-2.5.9.jar;C:\Users\CR15MK\.gradle\caches\modules-2\files-2.1\org.sp
Launcher Type: SUN_STANDARD

Environment Variables:
JAVA_HOME=C:\Program Files\Java\jdk1.8.0_201
JRE_HOME=C:\Program Files\Java\jre1.8.0_201
PATH=C:/Users/CR15MK/.p2/pool/plugins/org.eclipse.justj.openjdk.hotspot.jre.full.win32.x86_64_17.0.2.v20220201-1208/jre/bin/server;C:/Users/CR15MK/.p2/pool/plugins/org.eclipse.justj.openjdk.hotspot.jre.full.win32.x86_64_17.0.2.v20220201-1208/jre/bin;C:\Program Files (x86)\Common Files\Oracle\Java\javapath;C:\Windows\system32;C:\Windows;C:\Windows\System32\Wbem;C:\Windows\System32\WindowsPowerShell\v1.0\;C:\Windows\System32\OpenSSH\;C:\Program Files (x86)\NVIDIA Corporation\PhysX\Common;C:\Gradle\gradle-6.3\bin;C:\Program Files\Java\jdk1.8.0_202\bin\;C:\Program Files\Git\cmd;C:\Program Files\TortoiseSVN\bin;C:\Users\CR15MK\AppData\Local\Microsoft\WindowsApps;;C:\Users\CR15MK\AppData\Local\Programs\Microsoft VS Code\bin;C:\Users\CR15MK\OneDrive\바탕 화면;
USERNAME=CR15MK
OS=Windows_NT
PROCESSOR_IDENTIFIER=Intel64 Family 6 Model 165 Stepping 2, GenuineIntel



---------------  S Y S T E M  ---------------

OS: Windows 10.0 , 64 bit Build 19041 (10.0.19041.1645)

CPU:total 12 (initial active 12) (6 cores per cpu, 2 threads per core) family 6 model 165 stepping 2, cmov, cx8, fxsr, mmx, sse, sse2, sse3, ssse3, sse4.1, sse4.2, popcnt, avx, avx2, aes, clmul, erms, 3dnowpref, lzcnt, ht, tsc, tscinvbit, bmi1, bmi2, adx

Memory: 4k page, physical 16589224k(7433252k free), swap 19994712k(3569908k free)

vm_info: Java HotSpot(TM) 64-Bit Server VM (25.201-b09) for windows-amd64 JRE (1.8.0_201-b09), built on Dec 15 2018 18:36:39 by "java_re" with MS VC++ 10.0 (VS2010)

time: Thu Apr 21 17:45:06 2022
timezone: 대한민국 표준시
elapsed time: 289 seconds (0d 0h 4m 49s)

